[2026-02-07 20:33:23] [SUCCESS] Installed launchd 24/7
[2026-02-07 20:33:23] [INFO] Daemon started interval=3600s
[2026-02-07 20:33:23] [SUCCESS] Dashboard started pid=40610 port=9998
[2026-02-07 20:33:23] [INFO] === CYCLE START ===
[2026-02-07 20:33:23] [SUCCESS] Backup: /Users/dangvietquang/.ai0000000_backups/backup_20260207_203323
[2026-02-07 20:33:23] [SUCCESS] Repos discovered: 0 -> /Users/dangvietquang/.ai0000000_cloud/data/repositories.csv
[2026-02-07 20:33:24] [INFO] GitHub remote not set; local git backup updated only
[2026-02-07 20:33:24] [WARN] Port 9998 already in use; dashboard may fail to start.
[2026-02-07 20:33:24] [INFO] Dashboard already running (pid=40610)
[2026-02-07 20:33:24] [SUCCESS] === CYCLE DONE ===
[2026-02-07 20:34:08] [INFO] Daemon started interval=3600s
[2026-02-07 20:34:08] [SUCCESS] Dashboard started pid=41849 port=9997
[2026-02-07 20:34:08] [INFO] Dashboard already running (pid=41849)
[2026-02-07 20:34:08] [INFO] === CYCLE START ===
[2026-02-07 20:34:08] [SUCCESS] Backup: /Users/dangvietquang/.ai0000000_backups/backup_20260207_203408
[2026-02-07 20:34:08] [SUCCESS] Repos discovered: 0 -> /Users/dangvietquang/.ai0000000_cloud/data/repositories.csv
[2026-02-07 20:34:09] [INFO] GitHub remote not set; local git backup updated only
[2026-02-07 20:34:09] [WARN] Port 9997 already in use; dashboard may fail to start.
[2026-02-07 20:34:09] [INFO] Dashboard already running (pid=41849)
[2026-02-07 20:34:09] [SUCCESS] === CYCLE DONE ===
[2026-02-07 20:39:35] [INFO] Daemon started interval=3600s
[2026-02-07 20:39:35] [INFO] Dashboard already running (pid=41849)
[2026-02-07 20:39:35] [INFO] Dashboard already running (pid=41849)
[2026-02-07 20:39:35] [INFO] === CYCLE START ===
[2026-02-07 20:39:35] [SUCCESS] Backup: /Users/dangvietquang/.ai0000000_backups/backup_20260207_203935
[2026-02-07 20:39:35] [SUCCESS] Repos discovered: 0 -> /Users/dangvietquang/.ai0000000_cloud/data/repositories.csv
[2026-02-07 20:39:35] [INFO] GitHub remote not set; local git backup updated only
[2026-02-07 20:39:35] [INFO] Dashboard already running (pid=41849)
[2026-02-07 20:39:35] [SUCCESS] === CYCLE DONE ===
